/usr/lib/gcc/x86_64-linux-gnu/7/../../../x86_64-linux-gnu/Scrt1.o: nella funzione "_start":
(.text+0x20): riferimento non definito a "main"
collect2: error: ld returned 1 exit status
make[2]: *** [/home/robotica/robotica_ws/devel/.private/esercizio2/lib/esercizio2/Encoder] Error 1
make[1]: *** [CMakeFiles/Encoder.dir/all] Error 2
make[1]: *** Attesa per i processi non terminati....
[01m[K/home/robotica/robotica_ws/src/esercizio2/Publisher/Publisher.cpp:[m[K In function ‘[01m[Kint main(int, char**)[m[K’:
[01m[K/home/robotica/robotica_ws/src/esercizio2/Publisher/Publisher.cpp:7:5:[m[K [01;31m[Kerror: [m[K‘[01m[Kstd::Encoder::Encoder[m[K’ names the constructor, not the type
     [01;31m[KEncoder[m[K::Encoder enc[6];
     [01;31m[K^~~~~~~[m[K
[01m[K/home/robotica/robotica_ws/src/esercizio2/Publisher/Publisher.cpp:7:22:[m[K [01;31m[Kerror: [m[Kexpected ‘[01m[K;[m[K’ before ‘[01m[Kenc[m[K’
     Encoder::Encoder [01;31m[Kenc[m[K[6];
                      [01;31m[K^~~[m[K
[01m[K/home/robotica/robotica_ws/src/esercizio2/Publisher/Publisher.cpp:7:28:[m[K [01;31m[Kerror: [m[Kstatement cannot resolve address of overloaded function
     Encoder::Encoder enc[6][01;31m[K;[m[K
                            [01;31m[K^[m[K
[01m[K/home/robotica/robotica_ws/src/esercizio2/Publisher/Publisher.cpp:19:13:[m[K [01;31m[Kerror: [m[K‘[01m[Kenc[m[K’ was not declared in this scope
             [01;31m[Kenc[m[K[i].set_type_joint(type,0);
             [01;31m[K^~~[m[K
[01m[K/home/robotica/robotica_ws/src/esercizio2/Publisher/Publisher.cpp:22:13:[m[K [01;31m[Kerror: [m[K‘[01m[Kenc[m[K’ was not declared in this scope
             [01;31m[Kenc[m[K[i].set_type_joint(type,max_length);
             [01;31m[K^~~[m[K
[01m[K/home/robotica/robotica_ws/src/esercizio2/Publisher/Publisher.cpp:28:23:[m[K [01;31m[Kerror: [m[K‘[01m[Kenc[m[K’ was not declared in this scope
          message.data=[01;31m[Kenc[m[K[enc_number].to_string();
                       [01;31m[K^~~[m[K
make[2]: *** [CMakeFiles/Publisher.dir/Publisher/Publisher.cpp.o] Error 1
make[1]: *** [CMakeFiles/Publisher.dir/all] Error 2
make: *** [all] Error 2
