In file included from [01m[K/home/robotica/robotica_ws/src/esercizio2/Publisher/Encoder.cpp:5:0[m[K:
[01m[K/home/robotica/robotica_ws/src/esercizio2/Publisher/Encoder.h:8:5:[m[K [01;31m[Kerror: [m[K‘[01m[Kstring[m[K’ does not name a type; did you mean ‘[01m[Kstdin[m[K’?
     [01;31m[Kstring[m[K encoder_name;
     [01;31m[K^~~~~~[m[K
     [32m[Kstdin[m[K
[01m[K/home/robotica/robotica_ws/src/esercizio2/Publisher/Encoder.h:15:27:[m[K [01;31m[Kerror: [m[K‘[01m[Kstring[m[K’ has not been declared
     void set_encoder_name([01;31m[Kstring[m[K encodername);
                           [01;31m[K^~~~~~[m[K
[01m[K/home/robotica/robotica_ws/src/esercizio2/Publisher/Encoder.h:17:5:[m[K [01;31m[Kerror: [m[K‘[01m[Kstring[m[K’ does not name a type; did you mean ‘[01m[Kstdin[m[K’?
     [01;31m[Kstring[m[K get_encoder_name(void);
     [01;31m[K^~~~~~[m[K
     [32m[Kstdin[m[K
[01m[K/home/robotica/robotica_ws/src/esercizio2/Publisher/Encoder.h:19:5:[m[K [01;31m[Kerror: [m[K‘[01m[Kstring[m[K’ does not name a type; did you mean ‘[01m[Kstdin[m[K’?
     [01;31m[Kstring[m[K to_string(void);
     [01;31m[K^~~~~~[m[K
     [32m[Kstdin[m[K
[01m[K/home/robotica/robotica_ws/src/esercizio2/Publisher/Encoder.cpp:7:7:[m[K [01;31m[Kerror: [m[Kredefinition of ‘[01m[Kclass Encoder[m[K’
 class [01;31m[KEncoder[m[K{
       [01;31m[K^~~~~~~[m[K
In file included from [01m[K/home/robotica/robotica_ws/src/esercizio2/Publisher/Encoder.cpp:5:0[m[K:
[01m[K/home/robotica/robotica_ws/src/esercizio2/Publisher/Encoder.h:5:7:[m[K [01;36m[Knote: [m[Kprevious definition of ‘[01m[Kclass Encoder[m[K’
 class [01;36m[KEncoder[m[K{
       [01;36m[K^~~~~~~[m[K
make[2]: *** [CMakeFiles/Encoder.dir/Publisher/Encoder.cpp.o] Error 1
make[1]: *** [CMakeFiles/Encoder.dir/all] Error 2
make[1]: *** Attesa per i processi non terminati....
In file included from [01m[K/home/robotica/robotica_ws/src/esercizio2/Publisher/Publisher.cpp:3:0[m[K:
[01m[K/home/robotica/robotica_ws/src/esercizio2/Publisher/Encoder.h:8:5:[m[K [01;31m[Kerror: [m[K‘[01m[Kstring[m[K’ does not name a type; did you mean ‘[01m[Kstdin[m[K’?
     [01;31m[Kstring[m[K encoder_name;
     [01;31m[K^~~~~~[m[K
     [32m[Kstdin[m[K
[01m[K/home/robotica/robotica_ws/src/esercizio2/Publisher/Encoder.h:15:27:[m[K [01;31m[Kerror: [m[K‘[01m[Kstring[m[K’ has not been declared
     void set_encoder_name([01;31m[Kstring[m[K encodername);
                           [01;31m[K^~~~~~[m[K
[01m[K/home/robotica/robotica_ws/src/esercizio2/Publisher/Encoder.h:17:5:[m[K [01;31m[Kerror: [m[K‘[01m[Kstring[m[K’ does not name a type; did you mean ‘[01m[Kstdin[m[K’?
     [01;31m[Kstring[m[K get_encoder_name(void);
     [01;31m[K^~~~~~[m[K
     [32m[Kstdin[m[K
[01m[K/home/robotica/robotica_ws/src/esercizio2/Publisher/Encoder.h:19:5:[m[K [01;31m[Kerror: [m[K‘[01m[Kstring[m[K’ does not name a type; did you mean ‘[01m[Kstdin[m[K’?
     [01;31m[Kstring[m[K to_string(void);
     [01;31m[K^~~~~~[m[K
     [32m[Kstdin[m[K
[01m[K/home/robotica/robotica_ws/src/esercizio2/Publisher/Publisher.cpp:[m[K In function ‘[01m[Kint main(int, char**)[m[K’:
[01m[K/home/robotica/robotica_ws/src/esercizio2/Publisher/Publisher.cpp:29:39:[m[K [01;31m[Kerror: [m[K‘[01m[Kclass Encoder[m[K’ has no member named ‘[01m[Kto_string[m[K’
          message.data=enc[enc_number].[01;31m[Kto_string[m[K();
                                       [01;31m[K^~~~~~~~~[m[K
make[2]: *** [CMakeFiles/Publisher.dir/Publisher/Publisher.cpp.o] Error 1
make[1]: *** [CMakeFiles/Publisher.dir/all] Error 2
make: *** [all] Error 2
