Determining if the pthread_create exist failed with the following output:
Change Dir: /home/robotica/robotica_ws/build/hello_word/CMakeFiles/CMakeTmp

Run Build Command:"/usr/bin/make" "cmTC_40f0c/fast"
/usr/bin/make -f CMakeFiles/cmTC_40f0c.dir/build.make CMakeFiles/cmTC_40f0c.dir/build
make[1]: ingresso nella directory "/home/robotica/robotica_ws/build/hello_word/CMakeFiles/CMakeTmp"
Building C object CMakeFiles/cmTC_40f0c.dir/CheckSymbolExists.c.o
/usr/bin/cc    -o CMakeFiles/cmTC_40f0c.dir/CheckSymbolExists.c.o   -c /home/robotica/robotica_ws/build/hello_word/CMakeFiles/CMakeTmp/CheckSymbolExists.c
Linking C executable cmTC_40f0c
/usr/bin/cmake -E cmake_link_script CMakeFiles/cmTC_40f0c.dir/link.txt --verbose=1
/usr/bin/cc      -rdynamic CMakeFiles/cmTC_40f0c.dir/CheckSymbolExists.c.o  -o cmTC_40f0c 
CMakeFiles/cmTC_40f0c.dir/CheckSymbolExists.c.o: nella funzione "main":
CheckSymbolExists.c:(.text+0x1b): riferimento non definito a "pthread_create"
collect2: error: ld returned 1 exit status
CMakeFiles/cmTC_40f0c.dir/build.make:97: recipe for target 'cmTC_40f0c' failed
make[1]: *** [cmTC_40f0c] Error 1
make[1]: uscita dalla directory "/home/robotica/robotica_ws/build/hello_word/CMakeFiles/CMakeTmp"
Makefile:126: recipe for target 'cmTC_40f0c/fast' failed
make: *** [cmTC_40f0c/fast] Error 2

File /home/robotica/robotica_ws/build/hello_word/CMakeFiles/CMakeTmp/CheckSymbolExists.c:
/* */
#include <pthread.h>

int main(int argc, char** argv)
{
  (void)argv;
#ifndef pthread_create
  return ((int*)(&pthread_create))[argc];
#else
  (void)argc;
  return 0;
#endif
}

Determining if the function pthread_create exists in the pthreads failed with the following output:
Change Dir: /home/robotica/robotica_ws/build/hello_word/CMakeFiles/CMakeTmp

Run Build Command:"/usr/bin/make" "cmTC_44bf6/fast"
/usr/bin/make -f CMakeFiles/cmTC_44bf6.dir/build.make CMakeFiles/cmTC_44bf6.dir/build
make[1]: ingresso nella directory "/home/robotica/robotica_ws/build/hello_word/CMakeFiles/CMakeTmp"
Building C object CMakeFiles/cmTC_44bf6.dir/CheckFunctionExists.c.o
/usr/bin/cc   -DCHECK_FUNCTION_EXISTS=pthread_create   -o CMakeFiles/cmTC_44bf6.dir/CheckFunctionExists.c.o   -c /usr/share/cmake-3.10/Modules/CheckFunctionExists.c
Linking C executable cmTC_44bf6
/usr/bin/cmake -E cmake_link_script CMakeFiles/cmTC_44bf6.dir/link.txt --verbose=1
/usr/bin/cc  -DCHECK_FUNCTION_EXISTS=pthread_create    -rdynamic CMakeFiles/cmTC_44bf6.dir/CheckFunctionExists.c.o  -o cmTC_44bf6 -lpthreads 
/usr/bin/ld: impossibile trovare -lpthreads
collect2: error: ld returned 1 exit status
CMakeFiles/cmTC_44bf6.dir/build.make:97: recipe for target 'cmTC_44bf6' failed
make[1]: *** [cmTC_44bf6] Error 1
make[1]: uscita dalla directory "/home/robotica/robotica_ws/build/hello_word/CMakeFiles/CMakeTmp"
Makefile:126: recipe for target 'cmTC_44bf6/fast' failed
make: *** [cmTC_44bf6/fast] Error 2


